<?xml version="1.0" encoding="UTF-8"?>
<testng-results ignored="0" total="1" passed="1" failed="0" skipped="0">
  <reporter-output>
  </reporter-output>
  <suite started-at="2021-01-29T13:03:57 EST" name="Default suite" finished-at="2021-01-29T13:03:59 EST" duration-ms="2243">
    <groups>
    </groups>
    <test started-at="2021-01-29T13:03:57 EST" name="Default test" finished-at="2021-01-29T13:03:59 EST" duration-ms="2243">
      <class name="capstone.smarthome.testController.TestBasicConnection">
        <test-method is-config="true" signature="setUp()[pri:0, instance:capstone.smarthome.testController.TestBasicConnection@56a6d5a6]" started-at="2021-01-29T13:03:57 EST" name="setUp" finished-at="2021-01-29T13:03:59 EST" duration-ms="2123" status="PASS">
          <reporter-output>
          </reporter-output>
        </test-method> <!-- setUp -->
        <test-method signature="simulatorConnectionTest()[pri:0, instance:capstone.smarthome.testController.TestBasicConnection@56a6d5a6]" started-at="2021-01-29T13:03:59 EST" name="simulatorConnectionTest" finished-at="2021-01-29T13:03:59 EST" duration-ms="26" status="PASS">
          <reporter-output>
          </reporter-output>
        </test-method> <!-- simulatorConnectionTest -->
        <test-method is-config="true" signature="tearDown()[pri:0, instance:capstone.smarthome.testController.TestBasicConnection@56a6d5a6]" started-at="2021-01-29T13:03:59 EST" name="tearDown" finished-at="2021-01-29T13:03:59 EST" duration-ms="0" status="PASS">
          <reporter-output>
          </reporter-output>
        </test-method> <!-- tearDown -->
      </class> <!-- capstone.smarthome.testController.TestBasicConnection -->
    </test> <!-- Default test -->
  </suite> <!-- Default suite -->
</testng-results>
